;  LST file generated by mikroListExporter - v.2.0 
; Date/Time: 25.10.2018 14:18:05
;----------------------------------------------

;Address Opcode 	ASM
0x0000	0x0000000405F8  	GOTO	_main
0x0004	0x000000  	0
0x0006	0x000000  	0
0x0008	0x000000  	0
0x000A	0x000000  	0
0x000C	0x000000  	0
0x000E	0x000000  	0
0x0010	0x000000  	0
0x0012	0x000000  	0
0x0014	0x000000  	0
0x0016	0x000000  	0
0x0018	0x000000  	0
0x001A	0x000000  	0
0x001C	0x000000  	0
0x001E	0x000000  	0
0x0020	0x000000  	0
0x0022	0x000000  	0
0x0024	0x000000  	0
0x0026	0x000000  	0
0x0028	0x000000  	0
0x002A	0x000000  	0
0x002C	0x000000  	0
0x002E	0x000000  	0
0x0030	0x000000  	0
0x0032	0x000000  	0
0x0034	0x000000  	0
0x0036	0x000000  	0
0x0038	0x000000  	0
0x003A	0x000000  	0
0x003C	0x000000  	0
0x003E	0x000000  	0
0x0040	0x000000  	0
0x0042	0x000000  	0
0x0044	0x000000  	0
0x0046	0x000000  	0
0x0048	0x000000  	0
0x004A	0x000000  	0
0x004C	0x000000  	0
0x004E	0x000000  	0
0x0050	0x000000  	0
0x0052	0x000000  	0
0x0054	0x000000  	0
0x0056	0x000000  	0
0x0058	0x000000  	0
0x005A	0x000000  	0
0x005C	0x000000  	0
0x005E	0x000000  	0
0x0060	0x000000  	0
0x0062	0x000000  	0
0x0064	0x000000  	0
0x0066	0x000000  	0
0x0068	0x000000  	0
0x006A	0x000000  	0
0x006C	0x000000  	0
0x006E	0x000000  	0
0x0070	0x000000  	0
0x0072	0x000000  	0
0x0074	0x000000  	0
0x0076	0x000000  	0
0x0078	0x000000  	0
0x007A	0x000000  	0
0x007C	0x000000  	0
0x007E	0x000000  	0
0x0080	0x000000  	0
0x0082	0x000000  	0
0x0084	0x000000  	0
0x0086	0x000000  	0
0x0088	0x000000  	0
0x008A	0x000000  	0
0x008C	0x000000  	0
0x008E	0x000000  	0
0x0090	0x000000  	0
0x0092	0x000000  	0
0x0094	0x000000  	0
0x0096	0x000000  	0
0x0098	0x000000  	0
0x009A	0x000000  	0
0x009C	0x000000  	0
0x009E	0x000000  	0
0x00A0	0x000000  	0
0x00A2	0x000000  	0
0x00A4	0x000000  	0
0x00A6	0x000000  	0
0x00A8	0x000000  	0
0x00AA	0x000000  	0
0x00AC	0x000000  	0
0x00AE	0x000000  	0
0x00B0	0x000000  	0
0x00B2	0x000000  	0
0x00B4	0x000000  	0
0x00B6	0x000000  	0
0x00B8	0x000000  	0
0x00BA	0x000000  	0
0x00BC	0x000000  	0
0x00BE	0x000000  	0
0x00C0	0x000000  	0
0x00C2	0x000000  	0
0x00C4	0x000000  	0
0x00C6	0x000000  	0
0x00C8	0x000000  	0
0x00CA	0x000000  	0
0x00CC	0x000000  	0
0x00CE	0x000000  	0
0x00D0	0x000000  	0
0x00D2	0x000000  	0
0x00D4	0x000000  	0
0x00D6	0x000000  	0
0x00D8	0x000000  	0
0x00DA	0x000000  	0
0x00DC	0x000000  	0
0x00DE	0x000000  	0
0x00E0	0x000000  	0
0x00E2	0x000000  	0
0x00E4	0x000000  	0
0x00E6	0x000000  	0
0x00E8	0x000000  	0
0x00EA	0x000000  	0
0x00EC	0x000000  	0
0x00EE	0x000000  	0
0x00F0	0x000000  	0
0x00F2	0x000000  	0
0x00F4	0x000000  	0
0x00F6	0x000000  	0
0x00F8	0x000000  	0
0x00FA	0x000000  	0
0x00FC	0x000000  	0
0x00FE	0x000000  	0
0x0100	0x000000  	0
0x0102	0x000000  	0
0x0104	0x000000  	0
0x0106	0x000000  	0
0x0108	0x000000  	0
0x010A	0x000000  	0
0x010C	0x000000  	0
0x010E	0x000000  	0
0x0110	0x000000  	0
0x0112	0x000000  	0
0x0114	0x000000  	0
0x0116	0x000000  	0
0x0118	0x000000  	0
0x011A	0x000000  	0
0x011C	0x000000  	0
0x011E	0x000000  	0
0x0120	0x000000  	0
0x0122	0x000000  	0
0x0124	0x000000  	0
0x0126	0x000000  	0
0x0128	0x000000  	0
0x012A	0x000000  	0
0x012C	0x000000  	0
0x012E	0x000000  	0
0x0130	0x000000  	0
0x0132	0x000000  	0
0x0134	0x000000  	0
0x0136	0x000000  	0
0x0138	0x000000  	0
0x013A	0x000000  	0
0x013C	0x000000  	0
0x013E	0x000000  	0
0x0140	0x000000  	0
0x0142	0x000000  	0
0x0144	0x000000  	0
0x0146	0x000000  	0
0x0148	0x000000  	0
0x014A	0x000000  	0
0x014C	0x000000  	0
0x014E	0x000000  	0
0x0150	0x000000  	0
0x0152	0x000000  	0
0x0154	0x000000  	0
0x0156	0x000000  	0
0x0158	0x000000  	0
0x015A	0x000000  	0
0x015C	0x000000  	0
0x015E	0x000000  	0
0x0160	0x000000  	0
0x0162	0x000000  	0
0x0164	0x000000  	0
0x0166	0x000000  	0
0x0168	0x000000  	0
0x016A	0x000000  	0
0x016C	0x000000  	0
0x016E	0x000000  	0
0x0170	0x000000  	0
0x0172	0x000000  	0
0x0174	0x000000  	0
0x0176	0x000000  	0
0x0178	0x000000  	0
0x017A	0x000000  	0
0x017C	0x000000  	0
0x017E	0x000000  	0
0x0180	0x000000  	0
0x0182	0x000000  	0
0x0184	0x000000  	0
0x0186	0x000000  	0
0x0188	0x000000  	0
0x018A	0x000000  	0
0x018C	0x000000  	0
0x018E	0x000000  	0
0x0190	0x000000  	0
0x0192	0x000000  	0
0x0194	0x000000  	0
0x0196	0x000000  	0
0x0198	0x000000  	0
0x019A	0x000000  	0
0x019C	0x000000  	0
0x019E	0x000000  	0
0x01A0	0x000000  	0
0x01A2	0x000000  	0
0x01A4	0x000000  	0
0x01A6	0x000000  	0
0x01A8	0x000000  	0
0x01AA	0x000000  	0
0x01AC	0x000000  	0
0x01AE	0x000000  	0
0x01B0	0x000000  	0
0x01B2	0x000000  	0
0x01B4	0x000000  	0
0x01B6	0x000000  	0
0x01B8	0x000000  	0
0x01BA	0x000000  	0
0x01BC	0x000000  	0
0x01BE	0x000000  	0
0x01C0	0x000000  	0
0x01C2	0x000000  	0
0x01C4	0x000000  	0
0x01C6	0x000000  	0
0x01C8	0x000000  	0
0x01CA	0x000000  	0
0x01CC	0x000000  	0
0x01CE	0x000000  	0
0x01D0	0x000000  	0
0x01D2	0x000000  	0
0x01D4	0x000000  	0
0x01D6	0x000000  	0
0x01D8	0x000000  	0
0x01DA	0x000000  	0
0x01DC	0x000000  	0
0x01DE	0x000000  	0
0x01E0	0x000000  	0
0x01E2	0x000000  	0
0x01E4	0x000000  	0
0x01E6	0x000000  	0
0x01E8	0x000000  	0
0x01EA	0x000000  	0
0x01EC	0x000000  	0
0x01EE	0x000000  	0
0x01F0	0x000000  	0
0x01F2	0x000000  	0
0x01F4	0x000000  	0
0x01F6	0x000000  	0
0x01F8	0x000000  	0
0x01FA	0x000000  	0
0x01FC	0x000000  	0
0x01FE	0x000000  	0
_main:
0x05F8	0x20840F  	MOV	#2112, W15
0x05FA	0x227FF0  	MOV	#10239, W0
0x05FC	0xB7A020  	MOV	WREG, SPLIM
0x05FE	0x200000  	MOV	#0, W0
0x0600	0xB7A034  	MOV	WREG, PSVPAG
0x0602	0x200040  	MOV	#4, W0
0x0604	0xB72044  	IOR	CORCON
0x0606	0x0000000206F4  	CALL	1780
0x060A	0x0000000206FE  	CALL	1790
;MyProject.c,30 :: 		void main(){
;MyProject.c,31 :: 		ADPCFG = 0xFFFF;                   // Configure AN pins as digital I/O
0x060E	0x781F8A  	PUSH	W10
0x0610	0x781F8B  	PUSH	W11
0x0612	0x781F8C  	PUSH	W12
0x0614	0x2FFFF0  	MOV	#65535, W0
0x0616	0xB7A32C  	MOV	WREG, ADPCFG
;MyProject.c,33 :: 		Lcd_Init();                        // Initialize LCD
0x0618	0x07FF37  	RCALL	_Lcd_Init
;MyProject.c,35 :: 		Lcd_Cmd(_LCD_CLEAR);               // Clear display
0x061A	0xB3C01A  	MOV.B	#1, W10
0x061C	0x07FFB2  	RCALL	_Lcd_Cmd
;MyProject.c,36 :: 		Lcd_Cmd(_LCD_CURSOR_OFF);          // Cursor off
0x061E	0xB3C0CA  	MOV.B	#12, W10
0x0620	0x07FFB0  	RCALL	_Lcd_Cmd
;MyProject.c,37 :: 		Lcd_Out(1,6,txt3);                 // Write text in first row
0x0622	0x20819C  	MOV	#lo_addr(_txt3), W12
0x0624	0x20006B  	MOV	#6, W11
0x0626	0x20001A  	MOV	#1, W10
0x0628	0x07FF64  	RCALL	_Lcd_Out
;MyProject.c,39 :: 		Lcd_Out(2,6,txt4);                 // Write text in second row
0x062A	0x20811C  	MOV	#lo_addr(_txt4), W12
0x062C	0x20006B  	MOV	#6, W11
0x062E	0x20002A  	MOV	#2, W10
0x0630	0x07FF60  	RCALL	_Lcd_Out
;MyProject.c,40 :: 		Delay_ms(2000);
0x0632	0x2003E8  	MOV	#62, W8
0x0634	0x209137  	MOV	#2323, W7
L_main2:
0x0636	0xED200E  	DEC	W7
0x0638	0x3AFFFE  	BRA NZ	L_main2
0x063A	0xED2010  	DEC	W8
0x063C	0x3AFFFC  	BRA NZ	L_main2
0x063E	0x000000  	NOP
;MyProject.c,41 :: 		Lcd_Cmd(_LCD_CLEAR);               // Clear display
0x0640	0xB3C01A  	MOV.B	#1, W10
0x0642	0x07FF9F  	RCALL	_Lcd_Cmd
;MyProject.c,43 :: 		Lcd_Out(1,1,txt1);                 // Write text in first row
0x0644	0x20800C  	MOV	#lo_addr(_txt1), W12
0x0646	0x20001B  	MOV	#1, W11
0x0648	0x20001A  	MOV	#1, W10
0x064A	0x07FF53  	RCALL	_Lcd_Out
;MyProject.c,44 :: 		Lcd_Out(2,5,txt2);                 // Write text in second row
0x064C	0x20827C  	MOV	#lo_addr(_txt2), W12
0x064E	0x20005B  	MOV	#5, W11
0x0650	0x20002A  	MOV	#2, W10
0x0652	0x07FF4F  	RCALL	_Lcd_Out
;MyProject.c,46 :: 		Delay_ms(2000);
0x0654	0x2003E8  	MOV	#62, W8
0x0656	0x209137  	MOV	#2323, W7
L_main4:
0x0658	0xED200E  	DEC	W7
0x065A	0x3AFFFE  	BRA NZ	L_main4
0x065C	0xED2010  	DEC	W8
0x065E	0x3AFFFC  	BRA NZ	L_main4
0x0660	0x000000  	NOP
;MyProject.c,49 :: 		for(i=0; i<4; i++) {               // Move text to the right 4 times
0x0662	0x208331  	MOV	#lo_addr(_i), W1
0x0664	0xEF2000  	CLR	W0
0x0666	0x784880  	MOV.B	W0, [W1]
L_main6:
0x0668	0x208330  	MOV	#lo_addr(_i), W0
0x066A	0x784010  	MOV.B	[W0], W0
0x066C	0xE10464  	CP.B	W0, #4
0x066E	0x310007  	BRA GEU	L_main7
L__main24:
;MyProject.c,50 :: 		Lcd_Cmd(_LCD_SHIFT_RIGHT);
0x0670	0xB3C1CA  	MOV.B	#28, W10
0x0672	0x07FF87  	RCALL	_Lcd_Cmd
;MyProject.c,51 :: 		Move_Delay();
0x0674	0x07FF7F  	RCALL	_Move_Delay
;MyProject.c,49 :: 		for(i=0; i<4; i++) {               // Move text to the right 4 times
0x0676	0xB3C011  	MOV.B	#1, W1
0x0678	0x208330  	MOV	#lo_addr(_i), W0
0x067A	0x40C810  	ADD.B	W1, [W0], [W0]
;MyProject.c,52 :: 		}
0x067C	0x37FFF5  	BRA	L_main6
L_main7:
;MyProject.c,54 :: 		while(1) {                         // Endless loop
L_main9:
;MyProject.c,55 :: 		for(i=0; i<8; i++) {             // Move text to the left 7 times
0x067E	0x208331  	MOV	#lo_addr(_i), W1
0x0680	0xEF2000  	CLR	W0
0x0682	0x784880  	MOV.B	W0, [W1]
L_main11:
0x0684	0x208330  	MOV	#lo_addr(_i), W0
0x0686	0x784010  	MOV.B	[W0], W0
0x0688	0xE10468  	CP.B	W0, #8
0x068A	0x310007  	BRA GEU	L_main12
L__main25:
;MyProject.c,56 :: 		Lcd_Cmd(_LCD_SHIFT_LEFT);
0x068C	0xB3C18A  	MOV.B	#24, W10
0x068E	0x07FF79  	RCALL	_Lcd_Cmd
;MyProject.c,57 :: 		Move_Delay();
0x0690	0x07FF71  	RCALL	_Move_Delay
;MyProject.c,55 :: 		for(i=0; i<8; i++) {             // Move text to the left 7 times
0x0692	0xB3C011  	MOV.B	#1, W1
0x0694	0x208330  	MOV	#lo_addr(_i), W0
0x0696	0x40C810  	ADD.B	W1, [W0], [W0]
;MyProject.c,58 :: 		}
0x0698	0x37FFF5  	BRA	L_main11
L_main12:
;MyProject.c,60 :: 		for(i=0; i<8; i++) {             // Move text to the right 7 times
0x069A	0x208331  	MOV	#lo_addr(_i), W1
0x069C	0xEF2000  	CLR	W0
0x069E	0x784880  	MOV.B	W0, [W1]
L_main14:
0x06A0	0x208330  	MOV	#lo_addr(_i), W0
0x06A2	0x784010  	MOV.B	[W0], W0
0x06A4	0xE10468  	CP.B	W0, #8
0x06A6	0x310007  	BRA GEU	L_main15
L__main26:
;MyProject.c,61 :: 		Lcd_Cmd(_LCD_SHIFT_RIGHT);
0x06A8	0xB3C1CA  	MOV.B	#28, W10
0x06AA	0x07FF6B  	RCALL	_Lcd_Cmd
;MyProject.c,62 :: 		Move_Delay();
0x06AC	0x07FF63  	RCALL	_Move_Delay
;MyProject.c,60 :: 		for(i=0; i<8; i++) {             // Move text to the right 7 times
0x06AE	0xB3C011  	MOV.B	#1, W1
0x06B0	0x208330  	MOV	#lo_addr(_i), W0
0x06B2	0x40C810  	ADD.B	W1, [W0], [W0]
;MyProject.c,63 :: 		}
0x06B4	0x37FFF5  	BRA	L_main14
L_main15:
;MyProject.c,64 :: 		}
0x06B6	0x37FFE3  	BRA	L_main9
;MyProject.c,84 :: 		}
L_end_main:
0x06B8	0x78064F  	POP	W12
0x06BA	0x7805CF  	POP	W11
0x06BC	0x78054F  	POP	W10
L__main_end_loop:
0x06BE	0x37FFFF  	BRA	L__main_end_loop
; end of _main
_Lcd_Init:
0x0488	0xFA0000  	LNK	#0
;__Lib_Lcd.c,105 :: 		
;__Lib_Lcd.c,107 :: 		
0x048A	0x07FF68  	RCALL	_Delay_8ms
0x048C	0x07FF67  	RCALL	_Delay_8ms
;__Lib_Lcd.c,109 :: 		
0x048E	0xA922D2  	BCLR	LCD_EN_Direction, BitPos(LCD_EN_Direction+0)
;__Lib_Lcd.c,110 :: 		
0x0490	0xA902D2  	BCLR	LCD_RS_Direction, BitPos(LCD_RS_Direction+0)
;__Lib_Lcd.c,111 :: 		
0x0492	0xA902C6  	BCLR	LCD_D4_Direction, BitPos(LCD_D4_Direction+0)
;__Lib_Lcd.c,112 :: 		
0x0494	0xA922C6  	BCLR	LCD_D5_Direction, BitPos(LCD_D5_Direction+0)
;__Lib_Lcd.c,113 :: 		
0x0496	0xA942C6  	BCLR	LCD_D6_Direction, BitPos(LCD_D6_Direction+0)
;__Lib_Lcd.c,114 :: 		
0x0498	0xA962C6  	BCLR	LCD_D7_Direction, BitPos(LCD_D7_Direction+0)
;__Lib_Lcd.c,116 :: 		
0x049A	0xA922D6  	BCLR	LCD_EN, BitPos(LCD_EN+0)
;__Lib_Lcd.c,117 :: 		
0x049C	0xA902D6  	BCLR	LCD_RS, BitPos(LCD_RS+0)
;__Lib_Lcd.c,118 :: 		
0x049E	0xA962CA  	BCLR	LCD_D7, BitPos(LCD_D7+0)
;__Lib_Lcd.c,119 :: 		
0x04A0	0xA942CA  	BCLR	LCD_D6, BitPos(LCD_D6+0)
;__Lib_Lcd.c,120 :: 		
0x04A2	0xA922CA  	BCLR	LCD_D5, BitPos(LCD_D5+0)
;__Lib_Lcd.c,121 :: 		
0x04A4	0xA902CA  	BCLR	LCD_D4, BitPos(LCD_D4+0)
;__Lib_Lcd.c,130 :: 		
0x04A6	0xA822CA  	BSET	LCD_D5, BitPos(LCD_D5+0)
;__Lib_Lcd.c,131 :: 		
0x04A8	0xA802CA  	BSET	LCD_D4, BitPos(LCD_D4+0)
;__Lib_Lcd.c,132 :: 		
0x04AA	0x07FF5C  	RCALL	__Lib_Lcd_Strobe
;__Lib_Lcd.c,133 :: 		
0x04AC	0x07FF53  	RCALL	_Delay_5500us
;__Lib_Lcd.c,136 :: 		
0x04AE	0x07FF5A  	RCALL	__Lib_Lcd_Strobe
;__Lib_Lcd.c,137 :: 		
0x04B0	0x07FF51  	RCALL	_Delay_5500us
;__Lib_Lcd.c,140 :: 		
0x04B2	0x07FF58  	RCALL	__Lib_Lcd_Strobe
;__Lib_Lcd.c,141 :: 		
0x04B4	0x07FF4F  	RCALL	_Delay_5500us
;__Lib_Lcd.c,144 :: 		
0x04B6	0xA902CA  	BCLR	LCD_D4, BitPos(LCD_D4+0)
;__Lib_Lcd.c,145 :: 		
0x04B8	0x07FF55  	RCALL	__Lib_Lcd_Strobe
;__Lib_Lcd.c,146 :: 		
0x04BA	0x07FF4C  	RCALL	_Delay_5500us
;__Lib_Lcd.c,149 :: 		
0x04BC	0x07FF53  	RCALL	__Lib_Lcd_Strobe
;__Lib_Lcd.c,151 :: 		
0x04BE	0xA922CA  	BCLR	LCD_D5, BitPos(LCD_D5+0)
;__Lib_Lcd.c,152 :: 		
0x04C0	0xA862CA  	BSET	LCD_D7, BitPos(LCD_D7+0)
;__Lib_Lcd.c,153 :: 		
0x04C2	0x07FF50  	RCALL	__Lib_Lcd_Strobe
;__Lib_Lcd.c,154 :: 		
0x04C4	0x07FF47  	RCALL	_Delay_5500us
;__Lib_Lcd.c,157 :: 		
0x04C6	0xA962CA  	BCLR	LCD_D7, BitPos(LCD_D7+0)
;__Lib_Lcd.c,158 :: 		
0x04C8	0xA802CA  	BSET	LCD_D4, BitPos(LCD_D4+0)
;__Lib_Lcd.c,159 :: 		
0x04CA	0x07FF4C  	RCALL	__Lib_Lcd_Strobe
;__Lib_Lcd.c,161 :: 		
0x04CC	0xA902CA  	BCLR	LCD_D4, BitPos(LCD_D4+0)
;__Lib_Lcd.c,162 :: 		
0x04CE	0x07FF4A  	RCALL	__Lib_Lcd_Strobe
;__Lib_Lcd.c,163 :: 		
0x04D0	0x07FF41  	RCALL	_Delay_5500us
;__Lib_Lcd.c,166 :: 		
0x04D2	0x07FF48  	RCALL	__Lib_Lcd_Strobe
;__Lib_Lcd.c,168 :: 		
0x04D4	0xA802CA  	BSET	LCD_D4, BitPos(LCD_D4+0)
;__Lib_Lcd.c,169 :: 		
0x04D6	0x07FF46  	RCALL	__Lib_Lcd_Strobe
;__Lib_Lcd.c,170 :: 		
0x04D8	0x07FF3D  	RCALL	_Delay_5500us
;__Lib_Lcd.c,173 :: 		
0x04DA	0xA902CA  	BCLR	LCD_D4, BitPos(LCD_D4+0)
;__Lib_Lcd.c,174 :: 		
0x04DC	0x07FF43  	RCALL	__Lib_Lcd_Strobe
;__Lib_Lcd.c,176 :: 		
0x04DE	0xA862CA  	BSET	LCD_D7, BitPos(LCD_D7+0)
;__Lib_Lcd.c,177 :: 		
0x04E0	0xA842CA  	BSET	LCD_D6, BitPos(LCD_D6+0)
;__Lib_Lcd.c,178 :: 		
0x04E2	0xA822CA  	BSET	LCD_D5, BitPos(LCD_D5+0)
;__Lib_Lcd.c,179 :: 		
0x04E4	0xA802CA  	BSET	LCD_D4, BitPos(LCD_D4+0)
;__Lib_Lcd.c,180 :: 		
0x04E6	0x07FF3E  	RCALL	__Lib_Lcd_Strobe
;__Lib_Lcd.c,181 :: 		
0x04E8	0x07FF35  	RCALL	_Delay_5500us
;__Lib_Lcd.c,183 :: 		
0x04EA	0x208340  	MOV	#lo_addr(__Lib_Lcd_cmd_status), W0
0x04EC	0xA00010  	BSET	[W0], BitPos(__Lib_Lcd_cmd_status+0)
;__Lib_Lcd.c,184 :: 		
L_end_Lcd_Init:
0x04EE	0xFA8000  	ULNK
0x04F0	0x060000  	RETURN
; end of _Lcd_Init
_Delay_8ms:
;__Lib_Delays.c,614 :: 		void Delay_8ms()
;__Lib_Delays.c,616 :: 		Delay_ms(8);
0x035C	0x23E807  	MOV	#16000, W7
L_Delay_8ms29:
0x035E	0xED200E  	DEC	W7
0x0360	0x3AFFFE  	BRA NZ	L_Delay_8ms29
;__Lib_Delays.c,617 :: 		}
L_end_Delay_8ms:
0x0362	0x060000  	RETURN
; end of _Delay_8ms
__Lib_Lcd_Strobe:
0x0364	0xFA0000  	LNK	#0
;__Lib_Lcd.c,26 :: 		
;__Lib_Lcd.c,27 :: 		
0x0366	0xA822D6  	BSET	LCD_EN, BitPos(LCD_EN+0)
;__Lib_Lcd.c,28 :: 		
0x0368	0x07FF4B  	RCALL	_Delay_1us
;__Lib_Lcd.c,29 :: 		
0x036A	0xA922D6  	BCLR	LCD_EN, BitPos(LCD_EN+0)
;__Lib_Lcd.c,30 :: 		
0x036C	0x07FF49  	RCALL	_Delay_1us
;__Lib_Lcd.c,31 :: 		
L_end_Strobe:
0x036E	0xFA8000  	ULNK
0x0370	0x060000  	RETURN
; end of __Lib_Lcd_Strobe
_Delay_1us:
;__Lib_Delays.c,380 :: 		void Delay_1us()
;__Lib_Delays.c,382 :: 		Delay_us(1);
0x0200	0x200027  	MOV	#2, W7
L_Delay_1us11:
0x0202	0xED200E  	DEC	W7
0x0204	0x3AFFFE  	BRA NZ	L_Delay_1us11
;__Lib_Delays.c,383 :: 		}
L_end_Delay_1us:
0x0206	0x060000  	RETURN
; end of _Delay_1us
_Delay_5500us:
;__Lib_Delays.c,536 :: 		void Delay_5500us()
;__Lib_Delays.c,538 :: 		Delay_us(5500);
0x0354	0x22AF87  	MOV	#11000, W7
L_Delay_5500us23:
0x0356	0xED200E  	DEC	W7
0x0358	0x3AFFFE  	BRA NZ	L_Delay_5500us23
;__Lib_Delays.c,539 :: 		}
L_end_Delay_5500us:
0x035A	0x060000  	RETURN
; end of _Delay_5500us
_Lcd_Cmd:
0x0582	0xFA0000  	LNK	#0
;__Lib_Lcd.c,38 :: 		
;__Lib_Lcd.c,40 :: 		
; loc_word start address is: 2 (W1)
0x0584	0xFB808A  	ZE	W10, W1
;__Lib_Lcd.c,42 :: 		
0x0586	0xAEE002  	BTSS	W1, #7
0x0588	0xA962CA  	BCLR	LCD_D7, BitPos(LCD_D7+0)
0x058A	0xAFE002  	BTSC	W1, #7
0x058C	0xA862CA  	BSET	LCD_D7, BitPos(LCD_D7+0)
;__Lib_Lcd.c,43 :: 		
0x058E	0xAEC002  	BTSS	W1, #6
0x0590	0xA942CA  	BCLR	LCD_D6, BitPos(LCD_D6+0)
0x0592	0xAFC002  	BTSC	W1, #6
0x0594	0xA842CA  	BSET	LCD_D6, BitPos(LCD_D6+0)
;__Lib_Lcd.c,44 :: 		
0x0596	0xAEA002  	BTSS	W1, #5
0x0598	0xA922CA  	BCLR	LCD_D5, BitPos(LCD_D5+0)
0x059A	0xAFA002  	BTSC	W1, #5
0x059C	0xA822CA  	BSET	LCD_D5, BitPos(LCD_D5+0)
;__Lib_Lcd.c,45 :: 		
0x059E	0xAE8002  	BTSS	W1, #4
0x05A0	0xA902CA  	BCLR	LCD_D4, BitPos(LCD_D4+0)
0x05A2	0xAF8002  	BTSC	W1, #4
0x05A4	0xA802CA  	BSET	LCD_D4, BitPos(LCD_D4+0)
;__Lib_Lcd.c,47 :: 		
0x05A6	0x208340  	MOV	#lo_addr(__Lib_Lcd_cmd_status), W0
0x05A8	0xA60010  	BTSS	[W0], BitPos(__Lib_Lcd_cmd_status+0)
0x05AA	0xA802D6  	BSET	LCD_RS, BitPos(LCD_RS+0)
0x05AC	0xA70010  	BTSC	[W0], BitPos(__Lib_Lcd_cmd_status+0)
0x05AE	0xA902D6  	BCLR	LCD_RS, BitPos(LCD_RS+0)
;__Lib_Lcd.c,49 :: 		
0x05B0	0x07FED9  	RCALL	__Lib_Lcd_Strobe
;__Lib_Lcd.c,51 :: 		
0x05B2	0xAE6002  	BTSS	W1, #3
0x05B4	0xA962CA  	BCLR	LCD_D7, BitPos(LCD_D7+0)
0x05B6	0xAF6002  	BTSC	W1, #3
0x05B8	0xA862CA  	BSET	LCD_D7, BitPos(LCD_D7+0)
;__Lib_Lcd.c,52 :: 		
0x05BA	0xAE4002  	BTSS	W1, #2
0x05BC	0xA942CA  	BCLR	LCD_D6, BitPos(LCD_D6+0)
0x05BE	0xAF4002  	BTSC	W1, #2
0x05C0	0xA842CA  	BSET	LCD_D6, BitPos(LCD_D6+0)
;__Lib_Lcd.c,53 :: 		
0x05C2	0xAE2002  	BTSS	W1, #1
0x05C4	0xA922CA  	BCLR	LCD_D5, BitPos(LCD_D5+0)
0x05C6	0xAF2002  	BTSC	W1, #1
0x05C8	0xA822CA  	BSET	LCD_D5, BitPos(LCD_D5+0)
;__Lib_Lcd.c,54 :: 		
0x05CA	0xAE0002  	BTSS	W1, #0
0x05CC	0xA902CA  	BCLR	LCD_D4, BitPos(LCD_D4+0)
0x05CE	0xAF0002  	BTSC	W1, #0
0x05D0	0xA802CA  	BSET	LCD_D4, BitPos(LCD_D4+0)
; loc_word end address is: 2 (W1)
;__Lib_Lcd.c,56 :: 		
0x05D2	0x208340  	MOV	#lo_addr(__Lib_Lcd_cmd_status), W0
0x05D4	0xA60010  	BTSS	[W0], BitPos(__Lib_Lcd_cmd_status+0)
0x05D6	0xA802D6  	BSET	LCD_RS, BitPos(LCD_RS+0)
0x05D8	0xA70010  	BTSC	[W0], BitPos(__Lib_Lcd_cmd_status+0)
0x05DA	0xA902D6  	BCLR	LCD_RS, BitPos(LCD_RS+0)
;__Lib_Lcd.c,58 :: 		
0x05DC	0x07FEC3  	RCALL	__Lib_Lcd_Strobe
;__Lib_Lcd.c,60 :: 		
0x05DE	0x208340  	MOV	#lo_addr(__Lib_Lcd_cmd_status), W0
0x05E0	0xA60010  	BTSS	[W0], BitPos(__Lib_Lcd_cmd_status+0)
0x05E2	0x370002  	BRA	L_Lcd_Cmd0
;__Lib_Lcd.c,61 :: 		
0x05E4	0x07FEB7  	RCALL	_Delay_5500us
0x05E6	0x370001  	BRA	L_Lcd_Cmd1
L_Lcd_Cmd0:
;__Lib_Lcd.c,63 :: 		
0x05E8	0x07FEA9  	RCALL	_Delay_50us
L_Lcd_Cmd1:
;__Lib_Lcd.c,64 :: 		
L_end_Lcd_Cmd:
0x05EA	0xFA8000  	ULNK
0x05EC	0x060000  	RETURN
; end of _Lcd_Cmd
_Delay_50us:
;__Lib_Delays.c,458 :: 		void Delay_50us()
;__Lib_Delays.c,460 :: 		Delay_us(50);
0x033C	0x200647  	MOV	#100, W7
L_Delay_50us17:
0x033E	0xED200E  	DEC	W7
0x0340	0x3AFFFE  	BRA NZ	L_Delay_50us17
;__Lib_Delays.c,461 :: 		}
L_end_Delay_50us:
0x0342	0x060000  	RETURN
; end of _Delay_50us
_Lcd_Out:
0x04F2	0xFA0000  	LNK	#0
;__Lib_Lcd.c,187 :: 		
;__Lib_Lcd.c,190 :: 		
0x04F4	0x781F8A  	PUSH	W10
0x04F6	0x37000A  	BRA	L_Lcd_Out11
;__Lib_Lcd.c,191 :: 		
L_Lcd_Out13:
0x04F8	0x20080A  	MOV	#128, W10
0x04FA	0x370011  	BRA	L_Lcd_Out12
;__Lib_Lcd.c,192 :: 		
L_Lcd_Out14:
0x04FC	0x200C0A  	MOV	#192, W10
0x04FE	0x37000F  	BRA	L_Lcd_Out12
;__Lib_Lcd.c,193 :: 		
L_Lcd_Out15:
0x0500	0x20094A  	MOV	#148, W10
0x0502	0x37000D  	BRA	L_Lcd_Out12
;__Lib_Lcd.c,194 :: 		
L_Lcd_Out16:
0x0504	0x200D4A  	MOV	#212, W10
0x0506	0x37000B  	BRA	L_Lcd_Out12
;__Lib_Lcd.c,195 :: 		
L_Lcd_Out17:
0x0508	0x20080A  	MOV	#128, W10
;__Lib_Lcd.c,196 :: 		
0x050A	0x370009  	BRA	L_Lcd_Out12
L_Lcd_Out11:
0x050C	0xE15061  	CP	W10, #1
0x050E	0x32FFF4  	BRA Z	L_Lcd_Out13
L__Lcd_Out32:
0x0510	0xE15062  	CP	W10, #2
0x0512	0x32FFF4  	BRA Z	L_Lcd_Out14
L__Lcd_Out33:
0x0514	0xE15063  	CP	W10, #3
0x0516	0x32FFF4  	BRA Z	L_Lcd_Out15
L__Lcd_Out34:
0x0518	0xE15064  	CP	W10, #4
0x051A	0x32FFF4  	BRA Z	L_Lcd_Out16
L__Lcd_Out35:
0x051C	0x37FFF5  	BRA	L_Lcd_Out17
L_Lcd_Out12:
;__Lib_Lcd.c,199 :: 		
0x051E	0x558061  	SUB	W11, #1, W0
0x0520	0x450000  	ADD	W10, W0, W0
0x0522	0x780500  	MOV	W0, W10
;__Lib_Lcd.c,201 :: 		
0x0524	0x784500  	MOV.B	W0, W10
0x0526	0x07002D  	RCALL	_Lcd_Cmd
;__Lib_Lcd.c,202 :: 		
0x0528	0x208340  	MOV	#lo_addr(__Lib_Lcd_cmd_status), W0
0x052A	0xA10010  	BCLR	[W0], BitPos(__Lib_Lcd_cmd_status+0)
;__Lib_Lcd.c,203 :: 		
; i start address is: 4 (W2)
0x052C	0xEF2004  	CLR	W2
; i end address is: 4 (W2)
;__Lib_Lcd.c,204 :: 		
L_Lcd_Out18:
; i start address is: 4 (W2)
0x052E	0x460002  	ADD	W12, W2, W0
0x0530	0xE00410  	CP0.B	[W0]
0x0532	0x320007  	BRA Z	L_Lcd_Out19
L__Lcd_Out36:
;__Lib_Lcd.c,205 :: 		
0x0534	0x460002  	ADD	W12, W2, W0
0x0536	0x781F8A  	PUSH	W10
0x0538	0x784510  	MOV.B	[W0], W10
0x053A	0x07FF04  	RCALL	_Lcd_Chr_CP
0x053C	0x78054F  	POP	W10
0x053E	0xEC2004  	INC	W2
; i end address is: 4 (W2)
0x0540	0x37FFF6  	BRA	L_Lcd_Out18
L_Lcd_Out19:
;__Lib_Lcd.c,206 :: 		
0x0542	0x208340  	MOV	#lo_addr(__Lib_Lcd_cmd_status), W0
0x0544	0xA00010  	BSET	[W0], BitPos(__Lib_Lcd_cmd_status+0)
;__Lib_Lcd.c,207 :: 		
L_end_Lcd_Out:
0x0546	0x78054F  	POP	W10
0x0548	0xFA8000  	ULNK
0x054A	0x060000  	RETURN
; end of _Lcd_Out
_Lcd_Chr_CP:
0x0344	0xFA0000  	LNK	#0
;__Lib_Lcd.c,67 :: 		
;__Lib_Lcd.c,69 :: 		
0x0346	0x208340  	MOV	#lo_addr(__Lib_Lcd_cmd_status), W0
0x0348	0xA10010  	BCLR	[W0], BitPos(__Lib_Lcd_cmd_status+0)
;__Lib_Lcd.c,70 :: 		
0x034A	0x07011B  	RCALL	_Lcd_Cmd
;__Lib_Lcd.c,71 :: 		
0x034C	0x208340  	MOV	#lo_addr(__Lib_Lcd_cmd_status), W0
0x034E	0xA00010  	BSET	[W0], BitPos(__Lib_Lcd_cmd_status+0)
;__Lib_Lcd.c,72 :: 		
L_end_Lcd_Chr_CP:
0x0350	0xFA8000  	ULNK
0x0352	0x060000  	RETURN
; end of _Lcd_Chr_CP
_Move_Delay:
;MyProject.c,24 :: 		void Move_Delay() {                  // Function used for text moving
;MyProject.c,25 :: 		Delay_ms(500);                     // You can change the moving speed here
0x0574	0x200108  	MOV	#16, W8
0x0576	0x242447  	MOV	#16964, W7
L_Move_Delay0:
0x0578	0xED200E  	DEC	W7
0x057A	0x3AFFFE  	BRA NZ	L_Move_Delay0
0x057C	0xED2010  	DEC	W8
0x057E	0x3AFFFC  	BRA NZ	L_Move_Delay0
;MyProject.c,26 :: 		}
L_end_Move_Delay:
0x0580	0x060000  	RETURN
; end of _Move_Delay
_UART1_Init:
0x037C	0xFA0008  	LNK	#8
;__Lib_UART_12_p24_p33.c,145 :: 		
;__Lib_UART_12_p24_p33.c,148 :: 		
0x037E	0x202080  	MOV	#lo_addr(_UART1_Write), W0
0x0380	0x8841E0  	MOV	W0, _UART_Wr_Ptr
;__Lib_UART_12_p24_p33.c,149 :: 		
0x0382	0x2031A0  	MOV	#lo_addr(_UART1_Read), W0
0x0384	0x8841D0  	MOV	W0, _UART_Rd_Ptr
;__Lib_UART_12_p24_p33.c,150 :: 		
0x0386	0x203260  	MOV	#lo_addr(_UART1_Data_Ready), W0
0x0388	0x8841C0  	MOV	W0, _UART_Rdy_Ptr
;__Lib_UART_12_p24_p33.c,151 :: 		
0x038A	0x203300  	MOV	#lo_addr(_UART1_Tx_Idle), W0
0x038C	0x8841B0  	MOV	W0, _UART_Tx_Idle_Ptr
;__Lib_UART_12_p24_p33.c,156 :: 		
0x038E	0xEF2220  	CLR	U1MODE
;__Lib_UART_12_p24_p33.c,157 :: 		
0x0390	0x280000  	MOV	#32768, W0
0x0392	0xB7A222  	MOV	WREG, U1STA
;__Lib_UART_12_p24_p33.c,161 :: 		
0x0394	0xA96220  	BCLR.B	U1MODE, #3
;__Lib_UART_12_p24_p33.c,162 :: 		
0x0396	0x07FFEF  	RCALL	_Get_Fosc_kHz
; tmp start address is: 4 (W2)
0x0398	0xBE0100  	MOV.D	W0, W2
;__Lib_UART_12_p24_p33.c,164 :: 		
0x039A	0x203E80  	MOV	#1000, W0
0x039C	0x200001  	MOV	#0, W1
0x039E	0x07FF47  	RCALL	__Multiply_32x32
0x03A0	0xBE0100  	MOV.D	W0, W2
;__Lib_UART_12_p24_p33.c,166 :: 		
0x03A2	0x07FFE7  	RCALL	_Get_Fosc_Per_Cyc
0x03A4	0xDE0041  	LSR	W0, #1, W0
0x03A6	0x400064  	ADD	W0, #4, W0
0x03A8	0x780080  	MOV	W0, W1
0x03AA	0x470060  	ADD	W14, #0, W0
0x03AC	0xBE880A  	MOV.D	W10, [W0]
L__UART1_Init83:
0x03AE	0xE90081  	DEC	W1, W1
0x03B0	0x350003  	BRA LT	L__UART1_Init84
0x03B2	0xD01810  	SL	[W0], [W0++]
0x03B4	0xD29010  	RLC	[W0], [W0--]
0x03B6	0x37FFFB  	BRA	L__UART1_Init83
L__UART1_Init84:
;__Lib_UART_12_p24_p33.c,168 :: 		
0x03B8	0xBE9F82  	PUSH.D	W2
0x03BA	0xBE9F8A  	PUSH.D	W10
0x03BC	0xBE0002  	MOV.D	W2, W0
0x03BE	0x90010E  	MOV	[W14+0], W2
0x03C0	0x90019E  	MOV	[W14+2], W3
0x03C2	0xEB0200  	CLR	W4
0x03C4	0x07FF6D  	RCALL	__Modulus_32x32
0x03C6	0xBE054F  	POP.D	W10
0x03C8	0xBE014F  	POP.D	W2
0x03CA	0x980720  	MOV	W0, [W14+4]
0x03CC	0x980731  	MOV	W1, [W14+6]
;__Lib_UART_12_p24_p33.c,169 :: 		
0x03CE	0xBE9F8A  	PUSH.D	W10
; tmp end address is: 4 (W2)
0x03D0	0xBE0002  	MOV.D	W2, W0
0x03D2	0x90010E  	MOV	[W14+0], W2
0x03D4	0x90019E  	MOV	[W14+2], W3
0x03D6	0xEB0200  	CLR	W4
0x03D8	0x07FF3A  	RCALL	__Divide_32x32
0x03DA	0xBE054F  	POP.D	W10
; tmp start address is: 6 (W3)
0x03DC	0x780180  	MOV	W0, W3
0x03DE	0x780201  	MOV	W1, W4
;__Lib_UART_12_p24_p33.c,171 :: 		
0x03E0	0x470060  	ADD	W14, #0, W0
0x03E2	0xD10150  	LSR	[++W0], W2
0x03E4	0xD380C0  	RRC	[--W0], W1
0x03E6	0x470064  	ADD	W14, #4, W0
0x03E8	0xE10830  	CP	W1, [W0++]
0x03EA	0xE19020  	CPB	W2, [W0--]
0x03EC	0x310007  	BRA GEU	L__UART1_Init62
L__UART1_Init85:
;__Lib_UART_12_p24_p33.c,172 :: 		
0x03EE	0x418061  	ADD	W3, #1, W0
0x03F0	0x4A00E0  	ADDC	W4, #0, W1
; tmp end address is: 6 (W3)
; tmp start address is: 10 (W5)
0x03F2	0x780280  	MOV	W0, W5
0x03F4	0x780301  	MOV	W1, W6
; tmp end address is: 10 (W5)
0x03F6	0x780105  	MOV	W5, W2
0x03F8	0x780186  	MOV	W6, W3
0x03FA	0x370002  	BRA	L_UART1_Init13
L__UART1_Init62:
;__Lib_UART_12_p24_p33.c,171 :: 		
0x03FC	0x780103  	MOV	W3, W2
0x03FE	0x780184  	MOV	W4, W3
;__Lib_UART_12_p24_p33.c,172 :: 		
L_UART1_Init13:
;__Lib_UART_12_p24_p33.c,175 :: 		
; tmp start address is: 4 (W2)
0x0400	0x718002  	IOR	W3, W2, W0
0x0402	0x3A0033  	BRA NZ	L__UART1_Init64
L__UART1_Init86:
; tmp end address is: 4 (W2)
;__Lib_UART_12_p24_p33.c,177 :: 		
0x0404	0x07FFB8  	RCALL	_Get_Fosc_kHz
; tmp start address is: 4 (W2)
0x0406	0xBE0100  	MOV.D	W0, W2
;__Lib_UART_12_p24_p33.c,179 :: 		
0x0408	0x203E80  	MOV	#1000, W0
0x040A	0x200001  	MOV	#0, W1
0x040C	0x07FF10  	RCALL	__Multiply_32x32
0x040E	0xBE0100  	MOV.D	W0, W2
;__Lib_UART_12_p24_p33.c,181 :: 		
0x0410	0x07FFB0  	RCALL	_Get_Fosc_Per_Cyc
0x0412	0xDE0041  	LSR	W0, #1, W0
0x0414	0xECA000  	INC2	W0
0x0416	0x780080  	MOV	W0, W1
0x0418	0x470060  	ADD	W14, #0, W0
0x041A	0xBE880A  	MOV.D	W10, [W0]
L__UART1_Init87:
0x041C	0xE90081  	DEC	W1, W1
0x041E	0x350003  	BRA LT	L__UART1_Init88
0x0420	0xD01810  	SL	[W0], [W0++]
0x0422	0xD29010  	RLC	[W0], [W0--]
0x0424	0x37FFFB  	BRA	L__UART1_Init87
L__UART1_Init88:
;__Lib_UART_12_p24_p33.c,183 :: 		
0x0426	0xBE9F82  	PUSH.D	W2
0x0428	0xBE0002  	MOV.D	W2, W0
0x042A	0x90010E  	MOV	[W14+0], W2
0x042C	0x90019E  	MOV	[W14+2], W3
0x042E	0xEB0200  	CLR	W4
0x0430	0x07FF37  	RCALL	__Modulus_32x32
0x0432	0xBE014F  	POP.D	W2
0x0434	0x980720  	MOV	W0, [W14+4]
0x0436	0x980731  	MOV	W1, [W14+6]
;__Lib_UART_12_p24_p33.c,184 :: 		
0x0438	0xBE0002  	MOV.D	W2, W0
0x043A	0x90010E  	MOV	[W14+0], W2
0x043C	0x90019E  	MOV	[W14+2], W3
0x043E	0xEB0200  	CLR	W4
0x0440	0x07FF06  	RCALL	__Divide_32x32
; tmp end address is: 4 (W2)
; tmp start address is: 6 (W3)
0x0442	0x780180  	MOV	W0, W3
0x0444	0x780201  	MOV	W1, W4
;__Lib_UART_12_p24_p33.c,186 :: 		
0x0446	0x470060  	ADD	W14, #0, W0
0x0448	0xD10150  	LSR	[++W0], W2
0x044A	0xD380C0  	RRC	[--W0], W1
0x044C	0x470064  	ADD	W14, #4, W0
0x044E	0xE10830  	CP	W1, [W0++]
0x0450	0xE19020  	CPB	W2, [W0--]
0x0452	0x310007  	BRA GEU	L__UART1_Init63
L__UART1_Init89:
;__Lib_UART_12_p24_p33.c,187 :: 		
0x0454	0x418061  	ADD	W3, #1, W0
0x0456	0x4A00E0  	ADDC	W4, #0, W1
; tmp end address is: 6 (W3)
; tmp start address is: 10 (W5)
0x0458	0x780280  	MOV	W0, W5
0x045A	0x780301  	MOV	W1, W6
; tmp end address is: 10 (W5)
0x045C	0x780105  	MOV	W5, W2
0x045E	0x780186  	MOV	W6, W3
0x0460	0x370002  	BRA	L_UART1_Init15
L__UART1_Init63:
;__Lib_UART_12_p24_p33.c,186 :: 		
0x0462	0x780103  	MOV	W3, W2
0x0464	0x780184  	MOV	W4, W3
;__Lib_UART_12_p24_p33.c,187 :: 		
L_UART1_Init15:
;__Lib_UART_12_p24_p33.c,189 :: 		
; tmp start address is: 4 (W2)
0x0466	0xA86220  	BSET.B	U1MODE, #3
; tmp end address is: 4 (W2)
;__Lib_UART_12_p24_p33.c,190 :: 		
0x0468	0x370000  	BRA	L_UART1_Init14
L__UART1_Init64:
;__Lib_UART_12_p24_p33.c,175 :: 		
;__Lib_UART_12_p24_p33.c,190 :: 		
L_UART1_Init14:
;__Lib_UART_12_p24_p33.c,192 :: 		
; tmp start address is: 4 (W2)
0x046A	0x510061  	SUB	W2, #1, W0
0x046C	0x5980E0  	SUBB	W3, #0, W1
; tmp end address is: 4 (W2)
; tmp start address is: 0 (W0)
0x046E	0x881140  	MOV	W0, U1BRG
; tmp end address is: 0 (W0)
;__Lib_UART_12_p24_p33.c,195 :: 		
0x0470	0xA92222  	BCLR.B	U1STA, #1
;__Lib_UART_12_p24_p33.c,197 :: 		
0x0472	0xA8E221  	BSET	U1MODE, #15
;__Lib_UART_12_p24_p33.c,198 :: 		
0x0474	0xA84223  	BSET	U1STA, #10
;__Lib_UART_12_p24_p33.c,200 :: 		
0x0476	0x07FEE4  	RCALL	_Delay_100ms
0x0478	0x07FEE3  	RCALL	_Delay_100ms
;__Lib_UART_12_p24_p33.c,202 :: 		
L_end_UART1_Init:
0x047A	0xFA8000  	ULNK
0x047C	0x060000  	RETURN
; end of _UART1_Init
_Get_Fosc_kHz:
;__Lib_Delays.c,38 :: 		unsigned long Get_Fosc_kHz() {
;__Lib_Delays.c,39 :: 		return Clock_kHz();
0x0376	0x22EE00  	MOV	#12000, W0
0x0378	0x200001  	MOV	#0, W1
;__Lib_Delays.c,40 :: 		}
L_end_Get_Fosc_kHz:
0x037A	0x060000  	RETURN
; end of _Get_Fosc_kHz
_Get_Fosc_Per_Cyc:
;__Lib_Delays.c,63 :: 		unsigned int Get_Fosc_Per_Cyc() {
;__Lib_Delays.c,64 :: 		return __FOSC_PER_CYC;
0x0372	0x200020  	MOV	#2, W0
;__Lib_Delays.c,65 :: 		}
L_end_Get_Fosc_Per_Cyc:
0x0374	0x060000  	RETURN
; end of _Get_Fosc_Per_Cyc
_Delay_100ms:
;__Lib_Delays.c,666 :: 		void Delay_100ms()
;__Lib_Delays.c,668 :: 		Delay_ms(100);
0x0240	0x200048  	MOV	#4, W8
0x0242	0x20D407  	MOV	#3392, W7
L_Delay_100ms33:
0x0244	0xED200E  	DEC	W7
0x0246	0x3AFFFE  	BRA NZ	L_Delay_100ms33
0x0248	0xED2010  	DEC	W8
0x024A	0x3AFFFC  	BRA NZ	L_Delay_100ms33
;__Lib_Delays.c,669 :: 		}
L_end_Delay_100ms:
0x024C	0x060000  	RETURN
; end of _Delay_100ms
__Multiply_32x32:
0x022E	0xFA0000  	LNK	#0
;__Lib_Math.c,43 :: 		
;__Lib_Math.c,46 :: 		
0x0230	0xB80A02  	MUL.UU	W1, W2, W4
;__Lib_Math.c,47 :: 		
0x0232	0x880050  	MOV	W0, W5
;__Lib_Math.c,48 :: 		
0x0234	0xB80002  	MUL.UU	W0, W2, W0
;__Lib_Math.c,49 :: 		
0x0236	0x420081  	ADD	W4, W1, W1
;__Lib_Math.c,50 :: 		
0x0238	0xB82A03  	MUL.UU	W5, W3, W4
;__Lib_Math.c,51 :: 		
0x023A	0x420081  	ADD	W4, W1, W1
;__Lib_Math.c,54 :: 		
L_end__Multiply_32x32:
0x023C	0xFA8000  	ULNK
0x023E	0x060000  	RETURN
; end of __Multiply_32x32
__Modulus_32x32:
0x02A0	0xFA0000  	LNK	#0
;__Lib_Math.c,162 :: 		
;__Lib_Math.c,164 :: 		
0x02A2	0x070002  	RCALL	Modulus_32x32___testsus
;__Lib_Math.c,166 :: 		
0x02A4	0x0000000402F4  	GOTO	the_end_Modulus_32x32
;__Lib_Math.c,171 :: 		
Modulus_32x32___testsus:
;__Lib_Math.c,172 :: 		
0x02A8	0xE20008  	CP0	W4
;__Lib_Math.c,173 :: 		
0x02AA	0x3A0002  	BRA NZ	Modulus_32x32___modsi3
;__Lib_Math.c,175 :: 		
0x02AC	0x070010  	RCALL	Modulus_32x32___umodsi3
;__Lib_Math.c,176 :: 		
0x02AE	0x060000  	RETURN
;__Lib_Math.c,178 :: 		
Modulus_32x32___modsi3:
;__Lib_Math.c,179 :: 		
0x02B0	0x781F81  	MOV	W1, [W15++]
;__Lib_Math.c,180 :: 		
0x02B2	0xE20002  	CP0	W1
;__Lib_Math.c,181 :: 		
0x02B4	0x3D0002  	BRA GE	Modulus_32x32_modtestb
;__Lib_Math.c,182 :: 		
0x02B6	0x100060  	SUBR	W0, #0, W0
;__Lib_Math.c,183 :: 		
0x02B8	0x1880E0  	SUBBR	W1, #0, W1
;__Lib_Math.c,184 :: 		
Modulus_32x32_modtestb:
;__Lib_Math.c,185 :: 		
0x02BA	0xE20006  	CP0	W3
;__Lib_Math.c,186 :: 		
0x02BC	0x3D0002  	BRA GE	Modulus_32x32_calcrem
;__Lib_Math.c,187 :: 		
0x02BE	0x110160  	SUBR	W2, #0, W2
;__Lib_Math.c,188 :: 		
0x02C0	0x1981E0  	SUBBR	W3, #0, W3
;__Lib_Math.c,189 :: 		
Modulus_32x32_calcrem:
;__Lib_Math.c,190 :: 		
0x02C2	0x070005  	RCALL	Modulus_32x32___umodsi3
;__Lib_Math.c,191 :: 		
0x02C4	0xE0004F  	CP0	[--W15]
;__Lib_Math.c,192 :: 		
0x02C6	0x3B0002  	BRA NN	Modulus_32x32_exitr
;__Lib_Math.c,193 :: 		
0x02C8	0x100060  	SUBR	W0, #0, W0
;__Lib_Math.c,194 :: 		
0x02CA	0x1880E0  	SUBBR	W1, #0, W1
;__Lib_Math.c,195 :: 		
Modulus_32x32_exitr:
;__Lib_Math.c,196 :: 		
0x02CC	0x060000  	RETURN
;__Lib_Math.c,197 :: 		
Modulus_32x32___umodsi3:
;__Lib_Math.c,198 :: 		
0x02CE	0x070002  	RCALL	Modulus_32x32___udivsi3
;__Lib_Math.c,199 :: 		
0x02D0	0xBE8004  	MOV.D	W4, W0
;__Lib_Math.c,200 :: 		
0x02D2	0x060000  	RETURN
;__Lib_Math.c,201 :: 		
Modulus_32x32___udivsi3:
;__Lib_Math.c,202 :: 		
0x02D4	0xB82260  	MUL.UU	W4, #0, W4
;__Lib_Math.c,203 :: 		
0x02D6	0x200206  	MOV	#32, W6
;__Lib_Math.c,204 :: 		
Modulus_32x32_nextbit:
;__Lib_Math.c,205 :: 		
0x02D8	0xD00000  	SL	W0, W0
;__Lib_Math.c,206 :: 		
0x02DA	0xD28081  	RLC	W1, W1
;__Lib_Math.c,207 :: 		
0x02DC	0xD28204  	RLC	W4, W4
;__Lib_Math.c,208 :: 		
0x02DE	0xD28285  	RLC	W5, W5
;__Lib_Math.c,209 :: 		
0x02E0	0xA80000  	BSET	W0, #0
;__Lib_Math.c,210 :: 		
0x02E2	0x520202  	SUB	W4, W2, W4
;__Lib_Math.c,211 :: 		
0x02E4	0x5A8283  	SUBB	W5, W3, W5
;__Lib_Math.c,212 :: 		
0x02E6	0x3B0003  	BRA NN	Modulus_32x32_iterate
;__Lib_Math.c,213 :: 		
0x02E8	0x420202  	ADD	W4, W2, W4
;__Lib_Math.c,214 :: 		
0x02EA	0x4A8283  	ADDC	W5, W3, W5
;__Lib_Math.c,215 :: 		
0x02EC	0xA10000  	BCLR	W0, #0
;__Lib_Math.c,216 :: 		
Modulus_32x32_iterate:
;__Lib_Math.c,217 :: 		
0x02EE	0xE90306  	DEC	W6, W6
;__Lib_Math.c,218 :: 		
0x02F0	0x3AFFF3  	BRA NZ	Modulus_32x32_nextbit
;__Lib_Math.c,219 :: 		
0x02F2	0x060000  	RETURN
;__Lib_Math.c,222 :: 		
the_end_Modulus_32x32:
;__Lib_Math.c,225 :: 		
L_end__Modulus_32x32:
0x02F4	0xFA8000  	ULNK
0x02F6	0x060000  	RETURN
; end of __Modulus_32x32
__Divide_32x32:
0x024E	0xFA0000  	LNK	#0
;__Lib_Math.c,78 :: 		
;__Lib_Math.c,81 :: 		
0x0250	0x070002  	RCALL	Divide_32x32___testsus
;__Lib_Math.c,83 :: 		
0x0252	0x00000004029C  	GOTO	the_end_Divide_32x32
;__Lib_Math.c,88 :: 		
Divide_32x32___testsus:
;__Lib_Math.c,89 :: 		
0x0256	0xE20008  	CP0	W4
;__Lib_Math.c,90 :: 		
0x0258	0x3A0002  	BRA NZ	Divide_32x32___divsi3
;__Lib_Math.c,92 :: 		
0x025A	0x070010  	RCALL	Divide_32x32___udivsi3
;__Lib_Math.c,93 :: 		
0x025C	0x060000  	RETURN
;__Lib_Math.c,95 :: 		
Divide_32x32___divsi3:
;__Lib_Math.c,96 :: 		
0x025E	0x689F83  	XOR	W1, W3, [W15++]
;__Lib_Math.c,97 :: 		
0x0260	0xE20002  	CP0	W1
;__Lib_Math.c,98 :: 		
0x0262	0x3D0002  	BRA GE	Divide_32x32_divtestb
;__Lib_Math.c,99 :: 		
0x0264	0x100060  	SUBR	W0, #0, W0
;__Lib_Math.c,100 :: 		
0x0266	0x1880E0  	SUBBR	W1, #0, W1
;__Lib_Math.c,101 :: 		
Divide_32x32_divtestb:
;__Lib_Math.c,102 :: 		
0x0268	0xE20006  	CP0	W3
;__Lib_Math.c,103 :: 		
0x026A	0x3D0002  	BRA GE	Divide_32x32_calcquot
;__Lib_Math.c,104 :: 		
0x026C	0x110160  	SUBR	W2, #0, W2
;__Lib_Math.c,105 :: 		
0x026E	0x1981E0  	SUBBR	W3, #0, W3
;__Lib_Math.c,106 :: 		
Divide_32x32_calcquot:
;__Lib_Math.c,107 :: 		
0x0270	0x070005  	RCALL	Divide_32x32___udivsi3
;__Lib_Math.c,108 :: 		
0x0272	0xE0004F  	CP0	[--W15]
;__Lib_Math.c,109 :: 		
0x0274	0x3B0002  	BRA NN	Divide_32x32_returnq
;__Lib_Math.c,110 :: 		
0x0276	0x100060  	SUBR	W0, #0, W0
;__Lib_Math.c,111 :: 		
0x0278	0x1880E0  	SUBBR	W1, #0, W1
;__Lib_Math.c,112 :: 		
Divide_32x32_returnq:
;__Lib_Math.c,113 :: 		
0x027A	0x060000  	RETURN
;__Lib_Math.c,114 :: 		
Divide_32x32___udivsi3:
;__Lib_Math.c,115 :: 		
0x027C	0xB82260  	MUL.UU	W4, #0, W4
;__Lib_Math.c,116 :: 		
0x027E	0x200206  	MOV	#32, W6
;__Lib_Math.c,117 :: 		
Divide_32x32_nextbit:
;__Lib_Math.c,118 :: 		
0x0280	0xD00000  	SL	W0, W0
;__Lib_Math.c,119 :: 		
0x0282	0xD28081  	RLC	W1, W1
;__Lib_Math.c,120 :: 		
0x0284	0xD28204  	RLC	W4, W4
;__Lib_Math.c,121 :: 		
0x0286	0xD28285  	RLC	W5, W5
;__Lib_Math.c,122 :: 		
0x0288	0xA80000  	BSET	W0, #0
;__Lib_Math.c,123 :: 		
0x028A	0x520202  	SUB	W4, W2, W4
;__Lib_Math.c,124 :: 		
0x028C	0x5A8283  	SUBB	W5, W3, W5
;__Lib_Math.c,125 :: 		
0x028E	0x3B0003  	BRA NN	Divide_32x32_iterate
;__Lib_Math.c,126 :: 		
0x0290	0x420202  	ADD	W4, W2, W4
;__Lib_Math.c,127 :: 		
0x0292	0x4A8283  	ADDC	W5, W3, W5
;__Lib_Math.c,128 :: 		
0x0294	0xA10000  	BCLR	W0, #0
;__Lib_Math.c,129 :: 		
Divide_32x32_iterate:
;__Lib_Math.c,130 :: 		
0x0296	0xE90306  	DEC	W6, W6
;__Lib_Math.c,131 :: 		
0x0298	0x3AFFF3  	BRA NZ	Divide_32x32_nextbit
;__Lib_Math.c,132 :: 		
0x029A	0x060000  	RETURN
;__Lib_Math.c,135 :: 		
the_end_Divide_32x32:
;__Lib_Math.c,138 :: 		
L_end__Divide_32x32:
0x029C	0xFA8000  	ULNK
0x029E	0x060000  	RETURN
; end of __Divide_32x32
_UART_Write_Text:
0x054C	0xFA0002  	LNK	#2
;__Lib_UART_12_p24_p33.c,550 :: 		
;__Lib_UART_12_p24_p33.c,551 :: 		
0x054E	0x200000  	MOV	#0, W0
0x0550	0x984700  	MOV.B	W0, [W14+0]
;__Lib_UART_12_p24_p33.c,553 :: 		
; data_ start address is: 0 (W0)
0x0552	0x78401A  	MOV.B	[W10], W0
; data_ end address is: 0 (W0)
;__Lib_UART_12_p24_p33.c,554 :: 		
L_UART_Write_Text50:
; data_ start address is: 0 (W0)
0x0554	0xE10460  	CP.B	W0, #0
0x0556	0x32000C  	BRA Z	L_UART_Write_Text51
L__UART_Write_Text146:
;__Lib_UART_12_p24_p33.c,555 :: 		
0x0558	0x781F8A  	PUSH	W10
; data_ end address is: 0 (W0)
0x055A	0xFB8500  	ZE	W0, W10
0x055C	0x07FE63  	RCALL	_UART_Write
0x055E	0x78054F  	POP	W10
;__Lib_UART_12_p24_p33.c,556 :: 		
0x0560	0x90400E  	MOV.B	[W14+0], W0
0x0562	0xEC6000  	INC.B	W0
0x0564	0x984700  	MOV.B	W0, [W14+0]
;__Lib_UART_12_p24_p33.c,557 :: 		
0x0566	0xFB8000  	ZE	W0, W0
0x0568	0x450000  	ADD	W10, W0, W0
; data_ start address is: 2 (W1)
0x056A	0x784090  	MOV.B	[W0], W1
;__Lib_UART_12_p24_p33.c,558 :: 		
0x056C	0x784001  	MOV.B	W1, W0
; data_ end address is: 2 (W1)
0x056E	0x37FFF2  	BRA	L_UART_Write_Text50
L_UART_Write_Text51:
;__Lib_UART_12_p24_p33.c,559 :: 		
L_end_UART_Write_Text:
0x0570	0xFA8000  	ULNK
0x0572	0x060000  	RETURN
; end of _UART_Write_Text
_UART_Write:
0x0224	0xFA0000  	LNK	#0
;__Lib_UART_12_p24_p33.c,546 :: 		
;__Lib_UART_12_p24_p33.c,547 :: 		
0x0226	0x8041E0  	MOV	_UART_Wr_Ptr, W0
0x0228	0x010000  	CALL	W0
;__Lib_UART_12_p24_p33.c,548 :: 		
L_end_UART_Write:
0x022A	0xFA8000  	ULNK
0x022C	0x060000  	RETURN
; end of _UART_Write
_UART1_Write:
0x0208	0xFA0000  	LNK	#0
;__Lib_UART_12_p24_p33.c,70 :: 		
;__Lib_UART_12_p24_p33.c,71 :: 		
L_UART1_Write0:
0x020A	0xAF0223  	BTSC	U1STA, #8
0x020C	0x370001  	BRA	L_UART1_Write1
0x020E	0x37FFFD  	BRA	L_UART1_Write0
L_UART1_Write1:
;__Lib_UART_12_p24_p33.c,72 :: 		
0x0210	0x88112A  	MOV	W10, U1TXREG
;__Lib_UART_12_p24_p33.c,73 :: 		
L_end_UART1_Write:
0x0212	0xFA8000  	ULNK
0x0214	0x060000  	RETURN
; end of _UART1_Write
_UART2_Write:
0x0216	0xFA0000  	LNK	#0
;__Lib_UART_12_p24_p33.c,305 :: 		
;__Lib_UART_12_p24_p33.c,306 :: 		
L_UART2_Write25:
0x0218	0xAF0233  	BTSC	U2STA, #8
0x021A	0x370001  	BRA	L_UART2_Write26
0x021C	0x37FFFD  	BRA	L_UART2_Write25
L_UART2_Write26:
;__Lib_UART_12_p24_p33.c,307 :: 		
0x021E	0x8811AA  	MOV	W10, U2TXREG
;__Lib_UART_12_p24_p33.c,308 :: 		
L_end_UART2_Write:
0x0220	0xFA8000  	ULNK
0x0222	0x060000  	RETURN
; end of _UART2_Write
_UART_Data_Ready:
0x05EE	0xFA0000  	LNK	#0
;__Lib_UART_12_p24_p33.c,565 :: 		
;__Lib_UART_12_p24_p33.c,566 :: 		
0x05F0	0x8041C1  	MOV	_UART_Rdy_Ptr, W1
0x05F2	0x010001  	CALL	W1
;__Lib_UART_12_p24_p33.c,567 :: 		
L_end_UART_Data_Ready:
0x05F4	0xFA8000  	ULNK
0x05F6	0x060000  	RETURN
; end of _UART_Data_Ready
_UART1_Read:
0x031A	0xFA0000  	LNK	#0
;__Lib_UART_12_p24_p33.c,92 :: 		
;__Lib_UART_12_p24_p33.c,93 :: 		
0x031C	0x000000  	NOP
;__Lib_UART_12_p24_p33.c,94 :: 		
0x031E	0x000000  	NOP
;__Lib_UART_12_p24_p33.c,95 :: 		
0x0320	0xBF8226  	MOV	U1RXREG, WREG
;__Lib_UART_12_p24_p33.c,96 :: 		
L_end_UART1_Read:
0x0322	0xFA8000  	ULNK
0x0324	0x060000  	RETURN
; end of _UART1_Read
_UART1_Data_Ready:
0x0326	0xFA0000  	LNK	#0
;__Lib_UART_12_p24_p33.c,87 :: 		
;__Lib_UART_12_p24_p33.c,88 :: 		
0x0328	0xBF8222  	MOV	U1STA, WREG
0x032A	0x600061  	AND	W0, #1, W0
;__Lib_UART_12_p24_p33.c,90 :: 		
L_end_UART1_Data_Ready:
0x032C	0xFA8000  	ULNK
0x032E	0x060000  	RETURN
; end of _UART1_Data_Ready
_UART1_Tx_Idle:
0x0330	0xFA0000  	LNK	#0
;__Lib_UART_12_p24_p33.c,139 :: 		
;__Lib_UART_12_p24_p33.c,140 :: 		
0x0332	0xEF2000  	CLR	W0
0x0334	0xAF0223  	BTSC	U1STA, #8
0x0336	0xEC2000  	INC	W0
;__Lib_UART_12_p24_p33.c,141 :: 		
L_end_UART1_Tx_Idle:
0x0338	0xFA8000  	ULNK
0x033A	0x060000  	RETURN
; end of _UART1_Tx_Idle
_UART2_Read:
0x02F8	0xFA0000  	LNK	#0
;__Lib_UART_12_p24_p33.c,327 :: 		
;__Lib_UART_12_p24_p33.c,328 :: 		
0x02FA	0x000000  	NOP
;__Lib_UART_12_p24_p33.c,329 :: 		
0x02FC	0x000000  	NOP
;__Lib_UART_12_p24_p33.c,330 :: 		
0x02FE	0xBF8236  	MOV	U2RXREG, WREG
;__Lib_UART_12_p24_p33.c,331 :: 		
L_end_UART2_Read:
0x0300	0xFA8000  	ULNK
0x0302	0x060000  	RETURN
; end of _UART2_Read
_UART2_Data_Ready:
0x0304	0xFA0000  	LNK	#0
;__Lib_UART_12_p24_p33.c,322 :: 		
;__Lib_UART_12_p24_p33.c,323 :: 		
0x0306	0xBF8232  	MOV	U2STA, WREG
0x0308	0x600061  	AND	W0, #1, W0
;__Lib_UART_12_p24_p33.c,325 :: 		
L_end_UART2_Data_Ready:
0x030A	0xFA8000  	ULNK
0x030C	0x060000  	RETURN
; end of _UART2_Data_Ready
_UART2_Tx_Idle:
0x030E	0xFA0000  	LNK	#0
;__Lib_UART_12_p24_p33.c,374 :: 		
;__Lib_UART_12_p24_p33.c,375 :: 		
0x0310	0xEF2000  	CLR	W0
0x0312	0xAF0233  	BTSC	U2STA, #8
0x0314	0xEC2000  	INC	W0
;__Lib_UART_12_p24_p33.c,376 :: 		
L_end_UART2_Tx_Idle:
0x0316	0xFA8000  	ULNK
0x0318	0x060000  	RETURN
; end of _UART2_Tx_Idle
_UART_Read:
0x047E	0xFA0000  	LNK	#0
;__Lib_UART_12_p24_p33.c,561 :: 		
;__Lib_UART_12_p24_p33.c,562 :: 		
0x0480	0x8041D1  	MOV	_UART_Rd_Ptr, W1
0x0482	0x010001  	CALL	W1
;__Lib_UART_12_p24_p33.c,563 :: 		
L_end_UART_Read:
0x0484	0xFA8000  	ULNK
0x0486	0x060000  	RETURN
; end of _UART_Read
0x06F4	0x20800A  	MOV	#2048, W10
0x06F6	0x20000B  	MOV	#0, W11
0x06F8	0x09001F  	REPEAT	#31
0x06FA	0x781D0B  	MOV	W11, [W10++]
0x06FC	0x060000  	RETURN
0x06FE	0x208001  	MOV	#lo_addr(_txt1), W1
0x0700	0x286C00  	MOV	#34496, W0
0x0702	0x090018  	REPEAT	#24
0x0704	0x7818B0  	MOV	[W0++], [W1++]
0x0706	0x7858B0  	MOV.B	[W0++], [W1++]
0x0708	0x060000  	RETURN
;,0 :: _initBlock_0 [51]
; Containing: ?ICS_txt1 [17]
;             ?ICS_txt4 [8]
;             ?ICS_txt3 [8]
;             ?ICS?lstr1_MyProject [6]
;             ?ICS_txt2 [12]
0x06C0	0x696D ;_initBlock_0+0 : ?ICS_txt1 at 0x06C0
0x06C2	0x726B ;_initBlock_0+2
0x06C4	0x456F ;_initBlock_0+4
0x06C6	0x656C ;_initBlock_0+6
0x06C8	0x746B ;_initBlock_0+8
0x06CA	0x6F72 ;_initBlock_0+10
0x06CC	0x696E ;_initBlock_0+12
0x06CE	0x616B ;_initBlock_0+14
0x06D0	0x6500 ;_initBlock_0+16 : ?ICS_txt4 at 0x06D1
0x06D2	0x6178 ;_initBlock_0+18
0x06D4	0x706D ;_initBlock_0+20
0x06D6	0x656C ;_initBlock_0+22
0x06D8	0x4C00 ;_initBlock_0+24 : ?ICS_txt3 at 0x06D9
0x06DA	0x6463 ;_initBlock_0+26
0x06DC	0x6234 ;_initBlock_0+28
0x06DE	0x7469 ;_initBlock_0+30
0x06E0	0x5300 ;_initBlock_0+32 : ?ICS?lstr1_MyProject at 0x06E1
0x06E2	0x6174 ;_initBlock_0+34
0x06E4	0x7472 ;_initBlock_0+36
0x06E6	0x4500 ;_initBlock_0+38 : ?ICS_txt2 at 0x06E7
0x06E8	0x7361 ;_initBlock_0+40
0x06EA	0x6479 ;_initBlock_0+42
0x06EC	0x5073 ;_initBlock_0+44
0x06EE	0x4349 ;_initBlock_0+46
0x06F0	0x4134 ;_initBlock_0+48
0x06F2	0x00 ;_initBlock_0+50
; end of _initBlock_0
Symbol List:
//** Routines locations **
//ADDRESS    SIZE    PROCEDURE
//----------------------------------------------
0x0200       [8]    _Delay_1us
0x0208      [14]    _UART1_Write
0x0216      [14]    _UART2_Write
0x0224      [10]    _UART_Write
0x022E      [18]    __Multiply_32x32
0x0240      [14]    _Delay_100ms
0x024E      [82]    __Divide_32x32
0x02A0      [88]    __Modulus_32x32
0x02F8      [12]    _UART2_Read
0x0304      [10]    _UART2_Data_Ready
0x030E      [12]    _UART2_Tx_Idle
0x031A      [12]    _UART1_Read
0x0326      [10]    _UART1_Data_Ready
0x0330      [12]    _UART1_Tx_Idle
0x033C       [8]    _Delay_50us
0x0344      [16]    _Lcd_Chr_CP
0x0354       [8]    _Delay_5500us
0x035C       [8]    _Delay_8ms
0x0364      [14]    __Lib_Lcd_Strobe
0x0372       [4]    _Get_Fosc_Per_Cyc
0x0376       [6]    _Get_Fosc_kHz
0x037C     [258]    _UART1_Init
0x047E      [10]    _UART_Read
0x0488     [106]    _Lcd_Init
0x04F2      [90]    _Lcd_Out
0x054C      [40]    _UART_Write_Text
0x0574      [14]    _Move_Delay
0x0582     [108]    _Lcd_Cmd
0x05EE      [10]    _UART_Data_Ready
0x05F8     [200]    _main
//** Variables locations ** 
//ADDRESS    SIZE    VARIABLE
//----------------------------------------------
0x02C6       [0]    LCD_D5_Direction
0x02C6       [0]    LCD_D4_Direction
0x02C6       [0]    LCD_D6_Direction
0x0236       [2]    U2RXREG
0x02C6       [0]    LCD_D7_Direction
0x02D2       [0]    LCD_RS_Direction
0x02CA       [0]    LCD_D4
0x02CA       [0]    LCD_D5
0x02D6       [0]    LCD_RS
0x02D2       [0]    LCD_EN_Direction
0x0834       [0]    __Lib_Lcd_cmd_status
0x0220       [2]    U1MODE
0x0836       [2]    _UART_Tx_Idle_Ptr
0x0228       [2]    U1BRG
0x0224       [2]    U1TXREG
0x0234       [2]    U2TXREG
0x0838       [2]    _UART_Rdy_Ptr
0x083A       [2]    _UART_Rd_Ptr
0x0222       [2]    U1STA
0x0232       [2]    U2STA
0x083C       [2]    _UART_Wr_Ptr
0x0226       [2]    U1RXREG
0x02CA       [0]    LCD_D6
0x02D2       [0]    TRISD0_bit
0x02D2       [0]    TRISD1_bit
0x02C6       [0]    TRISB0_bit
0x02C6       [0]    TRISB2_bit
0x02C6       [0]    TRISB1_bit
0x02D6       [0]    LATD0_bit
0x02CA       [0]    LATB3_bit
0x02D6       [0]    LATD1_bit
0x02CA       [0]    LATB2_bit
0x02CA       [0]    LATB0_bit
0x02CA       [0]    LATB1_bit
0x0833       [1]    _i
0x083E       [1]    _uart_rd
0x02CA       [0]    LCD_D7
0x02D6       [0]    LCD_EN
0x032C       [2]    ADPCFG
0x02C6       [0]    TRISB3_bit
0x0800      [17]    _txt1
0x0811       [8]    _txt4
0x0819       [8]    _txt3
0x0821       [6]    ?lstr1_MyProject
0x0827      [12]    _txt2
0x0014       [2]    FARG_UART1_Write__data
0x0014       [2]    FARG_UART2_Write__data
0x0220       [2]    U1MODE
0x0222       [2]    U1STA
0x0014       [2]    FARG_UART_Write__data
0x0224       [2]    U1TXREG
0x0226       [2]    U1RXREG
0x0228       [2]    U1BRG
0x0232       [2]    U2STA
0x0234       [2]    U2TXREG
0x0236       [2]    U2RXREG
0x032C       [2]    ADPCFG
0x0014       [1]    FARG_Lcd_Chr_CP_out_char
0x0014       [4]    FARG_UART1_Init_baud_rate
0x0014       [2]    FARG_Lcd_Out_row
0x0016       [2]    FARG_Lcd_Out_column
0x0018       [2]    FARG_Lcd_Out_text
0x0014       [2]    FARG_UART_Write_Text_uart_text
0x0014       [1]    FARG_Lcd_Cmd_out_char
//** Constants locations ** 
//ADDRESS    SIZE    CONSTANT
//----------------------------------------------
0x06C0      [17]    ?ICS_txt1
0x06D1       [8]    ?ICS_txt4
0x06D9       [8]    ?ICS_txt3
0x06E1       [6]    ?ICS?lstr1_MyProject
0x06E7      [12]    ?ICS_txt2
